2019-01-12 22:43:34 [INFO] [main] com.example.web.WebApplication - Starting WebApplication on DESKTOP-7LHVITG with PID 16380 (D:\spring-boot\learning\web\target\classes started by Jing in D:\spring-boot\learning)
2019-01-12 22:43:34 [INFO] [main] com.example.web.WebApplication - No active profile set, falling back to default profiles: default
2019-01-12 22:43:35 [INFO] [main] c.a.d.c.s.c.a.DubboConfigBindingRegistrar - The dubbo config bean definition [name : com.alibaba.dubbo.config.ApplicationConfig#0, class : com.alibaba.dubbo.config.ApplicationConfig] has been registered.
2019-01-12 22:43:35 [INFO] [main] c.a.d.c.s.c.a.DubboConfigBindingRegistrar - The BeanPostProcessor bean definition [com.alibaba.dubbo.config.spring.beans.factory.annotation.DubboConfigBindingBeanPostProcessor] for dubbo config bean [name : com.alibaba.dubbo.config.ApplicationConfig#0] has been registered.
2019-01-12 22:43:35 [INFO] [main] c.a.d.c.s.c.a.DubboConfigBindingRegistrar - The dubbo config bean definition [name : com.alibaba.dubbo.config.RegistryConfig#0, class : com.alibaba.dubbo.config.RegistryConfig] has been registered.
2019-01-12 22:43:35 [INFO] [main] c.a.d.c.s.c.a.DubboConfigBindingRegistrar - The BeanPostProcessor bean definition [com.alibaba.dubbo.config.spring.beans.factory.annotation.DubboConfigBindingBeanPostProcessor] for dubbo config bean [name : com.alibaba.dubbo.config.RegistryConfig#0] has been registered.
2019-01-12 22:43:37 [INFO] [main] o.s.b.w.e.tomcat.TomcatWebServer - Tomcat initialized with port(s): 8090 (http)
2019-01-12 22:43:37 [INFO] [main] o.a.coyote.http11.Http11NioProtocol - Initializing ProtocolHandler ["http-nio-8090"]
2019-01-12 22:43:37 [INFO] [main] o.a.catalina.core.StandardService - Starting service [Tomcat]
2019-01-12 22:43:37 [INFO] [main] o.a.catalina.core.StandardEngine - Starting Servlet Engine: Apache Tomcat/9.0.13
2019-01-12 22:43:37 [INFO] [main] o.a.c.core.AprLifecycleListener - The APR based Apache Tomcat Native library which allows optimal performance in production environments was not found on the java.library.path: [C:\Program Files\Java\jdk1.8.0_172\bin;C:\WINDOWS\Sun\Java\bin;C:\WINDOWS\system32;C:\WINDOWS;C:\Program Files (x86)\Common Files\Oracle\Java\javapath;C:\Program Files (x86)\Intel\iCLS Client\;C:\Program Files\Intel\iCLS Client\;C:\Windows\system32;C:\Windows;C:\Windows\System32\Wbem;C:\Windows\System32\WindowsPowerShell\v1.0\;C:\Program Files (x86)\NVIDIA Corporation\PhysX\Common;D:\Program Files\Git\cmd;C:\Program Files\Java\jdk1.8.0_172\bin;C:\Program Files\Java\jdk1.8.0_172\jre\bin;D:\MyPrograms\apache-maven-3.5.0\bin;C:\WINDOWS\system32;C:\WINDOWS;C:\WINDOWS\System32\Wbem;C:\WINDOWS\System32\WindowsPowerShell\v1.0\;C:\Program Files (x86)\Intel\Intel(R) Management Engine Components\DAL;C:\Program Files\Intel\Intel(R) Management Engine Components\DAL;C:\Program Files (x86)\Intel\Intel(R) Management Engine Components\IPT;C:\Program Files\Intel\Intel(R) Management Engine Components\IPT;D:\Program Files\nodejs\;C:\WINDOWS\System32\OpenSSH\;C:\Program Files\Intel\WiFi\bin\;C:\Program Files\Common Files\Intel\WirelessCommon\;D:\MyPrograms\mysql-8.0.13-winx64\bin;C:\Users\Jing\AppData\Local\Microsoft\WindowsApps;C:\Users\Jing\AppData\Roaming\npm;;.]
2019-01-12 22:43:37 [INFO] [main] o.a.c.c.C.[Tomcat].[localhost].[/] - Initializing Spring embedded WebApplicationContext
2019-01-12 22:43:37 [INFO] [main] o.s.web.context.ContextLoader - Root WebApplicationContext: initialization completed in 2974 ms
2019-01-12 22:43:39 [INFO] [main] c.a.d.c.s.b.f.a.DubboConfigBindingBeanPostProcessor - The properties of bean [name : com.alibaba.dubbo.config.ApplicationConfig#0] have been binding by values : [bean property 'name']
2019-01-12 22:43:39 [INFO] [main] c.a.d.c.s.b.f.a.DubboConfigBindingBeanPostProcessor - The properties of bean [name : com.alibaba.dubbo.config.RegistryConfig#0] have been binding by values : [bean property 'address']
2019-01-12 22:43:40 [INFO] [main] c.a.d.c.s.b.f.a.ReferenceBeanBuilder - <dubbo:reference object="com.alibaba.dubbo.common.bytecode.proxy0@69f2cb04" singleton="true" url="dubbo://localhost:20880" uniqueServiceName="com.example.service.user.UserService" interface="com.example.service.user.UserService" generic="false" listener="" filter="" id="com.example.service.user.UserService" /> has been built.
2019-01-12 22:43:40 [INFO] [main] o.s.s.c.ThreadPoolTaskExecutor - Initializing ExecutorService 'applicationTaskExecutor'
2019-01-12 22:43:41 [INFO] [main] o.s.b.a.e.web.EndpointLinksResolver - Exposing 2 endpoint(s) beneath base path '/actuator'
2019-01-12 22:43:41 [INFO] [main] o.a.coyote.http11.Http11NioProtocol - Starting ProtocolHandler ["http-nio-8090"]
2019-01-12 22:43:41 [INFO] [main] o.a.tomcat.util.net.NioSelectorPool - Using a shared selector for servlet write/read
2019-01-12 22:43:41 [INFO] [main] o.s.b.w.e.tomcat.TomcatWebServer - Tomcat started on port(s): 8090 (http) with context path ''
2019-01-12 22:43:41 [INFO] [main] com.example.web.WebApplication - Started WebApplication in 9.0 seconds (JVM running for 11.12)
2019-01-12 22:43:42 [INFO] [RMI TCP Connection(6)-127.0.0.1] o.a.c.c.C.[Tomcat].[localhost].[/] - Initializing Spring DispatcherServlet 'dispatcherServlet'
2019-01-12 22:43:42 [INFO] [RMI TCP Connection(6)-127.0.0.1] o.s.web.servlet.DispatcherServlet - Initializing Servlet 'dispatcherServlet'
2019-01-12 22:43:42 [INFO] [RMI TCP Connection(6)-127.0.0.1] o.s.web.servlet.DispatcherServlet - Completed initialization in 27 ms
2019-01-12 22:43:56 [INFO] [http-nio-8090-exec-1] c.e.controller.user.UserController - /user/queryUserById/4
2019-01-12 22:45:02 [INFO] [http-nio-8090-exec-5] c.e.controller.user.UserController - /user/queryUserById/4
2019-01-12 22:45:03 [INFO] [http-nio-8090-exec-7] c.e.controller.user.UserController - /user/queryUserById/4
2019-01-12 22:50:35 [INFO] [http-nio-8090-exec-1] c.e.controller.user.UserController - /user/queryUserById/4
2019-01-12 22:50:48 [INFO] [http-nio-8090-exec-4] c.e.controller.user.UserController - /user/queryUserById/4
2019-01-12 22:51:23 [INFO] [http-nio-8090-exec-7] c.e.controller.user.UserController - /user/queryUserById/4
2019-01-12 22:51:50 [INFO] [http-nio-8090-exec-9] c.e.controller.user.UserController - /user/queryUserById/4
2019-01-12 22:51:59 [INFO] [http-nio-8090-exec-1] c.e.controller.user.UserController - /user/queryUserById/4
2019-01-12 22:53:10 [INFO] [Thread-23] o.s.s.c.ThreadPoolTaskExecutor - Shutting down ExecutorService 'applicationTaskExecutor'
2019-01-12 22:53:10 [INFO] [Thread-23] c.a.d.c.s.b.f.a.ReferenceAnnotationBeanPostProcessor - <dubbo:reference object="com.alibaba.dubbo.common.bytecode.proxy0@69f2cb04" singleton="true" url="dubbo://localhost:20880" uniqueServiceName="com.example.service.user.UserService" interface="com.example.service.user.UserService" generic="false" listener="" filter="" id="com.example.service.user.UserService" /> was destroying!
2019-01-12 22:53:10 [INFO] [Thread-23] c.a.d.c.s.b.f.a.ReferenceAnnotationBeanPostProcessor - class com.alibaba.dubbo.config.spring.beans.factory.annotation.ReferenceAnnotationBeanPostProcessor was destroying!
2019-01-12 22:58:24 [INFO] [main] com.example.web.WebApplication - Starting WebApplication on DESKTOP-7LHVITG with PID 11984 (D:\spring-boot\learning\web\target\classes started by Jing in D:\spring-boot\learning)
2019-01-12 22:58:24 [INFO] [main] com.example.web.WebApplication - No active profile set, falling back to default profiles: default
2019-01-12 22:58:25 [INFO] [main] c.a.d.c.s.c.a.DubboConfigBindingRegistrar - The dubbo config bean definition [name : com.alibaba.dubbo.config.ApplicationConfig#0, class : com.alibaba.dubbo.config.ApplicationConfig] has been registered.
2019-01-12 22:58:25 [INFO] [main] c.a.d.c.s.c.a.DubboConfigBindingRegistrar - The BeanPostProcessor bean definition [com.alibaba.dubbo.config.spring.beans.factory.annotation.DubboConfigBindingBeanPostProcessor] for dubbo config bean [name : com.alibaba.dubbo.config.ApplicationConfig#0] has been registered.
2019-01-12 22:58:25 [INFO] [main] c.a.d.c.s.c.a.DubboConfigBindingRegistrar - The dubbo config bean definition [name : com.alibaba.dubbo.config.RegistryConfig#0, class : com.alibaba.dubbo.config.RegistryConfig] has been registered.
2019-01-12 22:58:25 [INFO] [main] c.a.d.c.s.c.a.DubboConfigBindingRegistrar - The BeanPostProcessor bean definition [com.alibaba.dubbo.config.spring.beans.factory.annotation.DubboConfigBindingBeanPostProcessor] for dubbo config bean [name : com.alibaba.dubbo.config.RegistryConfig#0] has been registered.
2019-01-12 22:58:26 [INFO] [main] o.s.b.w.e.tomcat.TomcatWebServer - Tomcat initialized with port(s): 8090 (http)
2019-01-12 22:58:26 [INFO] [main] o.a.coyote.http11.Http11NioProtocol - Initializing ProtocolHandler ["http-nio-8090"]
2019-01-12 22:58:26 [INFO] [main] o.a.catalina.core.StandardService - Starting service [Tomcat]
2019-01-12 22:58:26 [INFO] [main] o.a.catalina.core.StandardEngine - Starting Servlet Engine: Apache Tomcat/9.0.13
2019-01-12 22:58:26 [INFO] [main] o.a.c.core.AprLifecycleListener - The APR based Apache Tomcat Native library which allows optimal performance in production environments was not found on the java.library.path: [C:\Program Files\Java\jdk1.8.0_172\bin;C:\WINDOWS\Sun\Java\bin;C:\WINDOWS\system32;C:\WINDOWS;C:\Program Files (x86)\Common Files\Oracle\Java\javapath;C:\Program Files (x86)\Intel\iCLS Client\;C:\Program Files\Intel\iCLS Client\;C:\Windows\system32;C:\Windows;C:\Windows\System32\Wbem;C:\Windows\System32\WindowsPowerShell\v1.0\;C:\Program Files (x86)\NVIDIA Corporation\PhysX\Common;D:\Program Files\Git\cmd;C:\Program Files\Java\jdk1.8.0_172\bin;C:\Program Files\Java\jdk1.8.0_172\jre\bin;D:\MyPrograms\apache-maven-3.5.0\bin;C:\WINDOWS\system32;C:\WINDOWS;C:\WINDOWS\System32\Wbem;C:\WINDOWS\System32\WindowsPowerShell\v1.0\;C:\Program Files (x86)\Intel\Intel(R) Management Engine Components\DAL;C:\Program Files\Intel\Intel(R) Management Engine Components\DAL;C:\Program Files (x86)\Intel\Intel(R) Management Engine Components\IPT;C:\Program Files\Intel\Intel(R) Management Engine Components\IPT;D:\Program Files\nodejs\;C:\WINDOWS\System32\OpenSSH\;C:\Program Files\Intel\WiFi\bin\;C:\Program Files\Common Files\Intel\WirelessCommon\;D:\MyPrograms\mysql-8.0.13-winx64\bin;C:\Users\Jing\AppData\Local\Microsoft\WindowsApps;C:\Users\Jing\AppData\Roaming\npm;;.]
2019-01-12 22:58:26 [INFO] [main] o.a.c.c.C.[Tomcat].[localhost].[/] - Initializing Spring embedded WebApplicationContext
2019-01-12 22:58:26 [INFO] [main] o.s.web.context.ContextLoader - Root WebApplicationContext: initialization completed in 2177 ms
2019-01-12 22:58:28 [INFO] [main] c.a.d.c.s.b.f.a.DubboConfigBindingBeanPostProcessor - The properties of bean [name : com.alibaba.dubbo.config.ApplicationConfig#0] have been binding by values : [bean property 'name']
2019-01-12 22:58:28 [INFO] [main] c.a.d.c.s.b.f.a.DubboConfigBindingBeanPostProcessor - The properties of bean [name : com.alibaba.dubbo.config.RegistryConfig#0] have been binding by values : [bean property 'address']
2019-01-12 22:58:29 [INFO] [main] c.a.d.c.s.b.f.a.ReferenceBeanBuilder - <dubbo:reference singleton="true" url="dubbo://localhost:20880" uniqueServiceName="com.example.service.user.UserService" interface="com.example.service.user.UserService" generic="false" listener="" filter="" id="com.example.service.user.UserService" /> has been built.
2019-01-12 22:58:29 [INFO] [main] o.s.s.c.ThreadPoolTaskExecutor - Initializing ExecutorService 'applicationTaskExecutor'
2019-01-12 22:58:30 [INFO] [main] o.s.b.a.e.web.EndpointLinksResolver - Exposing 2 endpoint(s) beneath base path '/actuator'
2019-01-12 22:58:30 [INFO] [main] o.a.coyote.http11.Http11NioProtocol - Starting ProtocolHandler ["http-nio-8090"]
2019-01-12 22:58:30 [INFO] [main] o.a.tomcat.util.net.NioSelectorPool - Using a shared selector for servlet write/read
2019-01-12 22:58:30 [INFO] [main] o.s.b.w.e.tomcat.TomcatWebServer - Tomcat started on port(s): 8090 (http) with context path ''
2019-01-12 22:58:30 [INFO] [main] com.example.web.WebApplication - Started WebApplication in 7.614 seconds (JVM running for 9.391)
2019-01-12 22:58:30 [INFO] [RMI TCP Connection(4)-127.0.0.1] o.a.c.c.C.[Tomcat].[localhost].[/] - Initializing Spring DispatcherServlet 'dispatcherServlet'
2019-01-12 22:58:30 [INFO] [RMI TCP Connection(4)-127.0.0.1] o.s.web.servlet.DispatcherServlet - Initializing Servlet 'dispatcherServlet'
2019-01-12 22:58:31 [INFO] [RMI TCP Connection(4)-127.0.0.1] o.s.web.servlet.DispatcherServlet - Completed initialization in 99 ms
2019-01-12 22:58:33 [INFO] [Thread-20] o.s.s.c.ThreadPoolTaskExecutor - Shutting down ExecutorService 'applicationTaskExecutor'
2019-01-12 22:58:33 [INFO] [Thread-20] c.a.d.c.s.b.f.a.ReferenceAnnotationBeanPostProcessor - <dubbo:reference singleton="true" url="dubbo://localhost:20880" uniqueServiceName="com.example.service.user.UserService" interface="com.example.service.user.UserService" generic="false" listener="" filter="" id="com.example.service.user.UserService" /> was destroying!
2019-01-12 22:58:33 [INFO] [Thread-20] c.a.d.c.s.b.f.a.ReferenceAnnotationBeanPostProcessor - class com.alibaba.dubbo.config.spring.beans.factory.annotation.ReferenceAnnotationBeanPostProcessor was destroying!
2019-01-12 23:01:37 [INFO] [main] com.example.web.WebApplication - Starting WebApplication on DESKTOP-7LHVITG with PID 11460 (D:\spring-boot\learning\web\target\classes started by Jing in D:\spring-boot\learning)
2019-01-12 23:01:37 [INFO] [main] com.example.web.WebApplication - No active profile set, falling back to default profiles: default
2019-01-12 23:01:38 [INFO] [main] c.a.d.c.s.c.a.DubboConfigBindingRegistrar - The dubbo config bean definition [name : com.alibaba.dubbo.config.ApplicationConfig#0, class : com.alibaba.dubbo.config.ApplicationConfig] has been registered.
2019-01-12 23:01:38 [INFO] [main] c.a.d.c.s.c.a.DubboConfigBindingRegistrar - The BeanPostProcessor bean definition [com.alibaba.dubbo.config.spring.beans.factory.annotation.DubboConfigBindingBeanPostProcessor] for dubbo config bean [name : com.alibaba.dubbo.config.ApplicationConfig#0] has been registered.
2019-01-12 23:01:38 [INFO] [main] c.a.d.c.s.c.a.DubboConfigBindingRegistrar - The dubbo config bean definition [name : com.alibaba.dubbo.config.RegistryConfig#0, class : com.alibaba.dubbo.config.RegistryConfig] has been registered.
2019-01-12 23:01:38 [INFO] [main] c.a.d.c.s.c.a.DubboConfigBindingRegistrar - The BeanPostProcessor bean definition [com.alibaba.dubbo.config.spring.beans.factory.annotation.DubboConfigBindingBeanPostProcessor] for dubbo config bean [name : com.alibaba.dubbo.config.RegistryConfig#0] has been registered.
2019-01-12 23:01:39 [INFO] [main] o.s.b.w.e.tomcat.TomcatWebServer - Tomcat initialized with port(s): 8090 (http)
2019-01-12 23:01:39 [INFO] [main] o.a.coyote.http11.Http11NioProtocol - Initializing ProtocolHandler ["http-nio-8090"]
2019-01-12 23:01:39 [INFO] [main] o.a.catalina.core.StandardService - Starting service [Tomcat]
2019-01-12 23:01:39 [INFO] [main] o.a.catalina.core.StandardEngine - Starting Servlet Engine: Apache Tomcat/9.0.13
2019-01-12 23:01:39 [INFO] [main] o.a.c.core.AprLifecycleListener - The APR based Apache Tomcat Native library which allows optimal performance in production environments was not found on the java.library.path: [C:\Program Files\Java\jdk1.8.0_172\bin;C:\WINDOWS\Sun\Java\bin;C:\WINDOWS\system32;C:\WINDOWS;C:\Program Files (x86)\Common Files\Oracle\Java\javapath;C:\Program Files (x86)\Intel\iCLS Client\;C:\Program Files\Intel\iCLS Client\;C:\Windows\system32;C:\Windows;C:\Windows\System32\Wbem;C:\Windows\System32\WindowsPowerShell\v1.0\;C:\Program Files (x86)\NVIDIA Corporation\PhysX\Common;D:\Program Files\Git\cmd;C:\Program Files\Java\jdk1.8.0_172\bin;C:\Program Files\Java\jdk1.8.0_172\jre\bin;D:\MyPrograms\apache-maven-3.5.0\bin;C:\WINDOWS\system32;C:\WINDOWS;C:\WINDOWS\System32\Wbem;C:\WINDOWS\System32\WindowsPowerShell\v1.0\;C:\Program Files (x86)\Intel\Intel(R) Management Engine Components\DAL;C:\Program Files\Intel\Intel(R) Management Engine Components\DAL;C:\Program Files (x86)\Intel\Intel(R) Management Engine Components\IPT;C:\Program Files\Intel\Intel(R) Management Engine Components\IPT;D:\Program Files\nodejs\;C:\WINDOWS\System32\OpenSSH\;C:\Program Files\Intel\WiFi\bin\;C:\Program Files\Common Files\Intel\WirelessCommon\;D:\MyPrograms\mysql-8.0.13-winx64\bin;C:\Users\Jing\AppData\Local\Microsoft\WindowsApps;C:\Users\Jing\AppData\Roaming\npm;;.]
2019-01-12 23:01:39 [INFO] [main] o.a.c.c.C.[Tomcat].[localhost].[/] - Initializing Spring embedded WebApplicationContext
2019-01-12 23:01:39 [INFO] [main] o.s.web.context.ContextLoader - Root WebApplicationContext: initialization completed in 1991 ms
2019-01-12 23:01:41 [INFO] [main] c.a.d.c.s.b.f.a.DubboConfigBindingBeanPostProcessor - The properties of bean [name : com.alibaba.dubbo.config.ApplicationConfig#0] have been binding by values : [bean property 'name']
2019-01-12 23:01:41 [INFO] [main] c.a.d.c.s.b.f.a.DubboConfigBindingBeanPostProcessor - The properties of bean [name : com.alibaba.dubbo.config.RegistryConfig#0] have been binding by values : [bean property 'address']
2019-01-12 23:01:42 [INFO] [main] c.a.d.c.s.b.f.a.ReferenceBeanBuilder - <dubbo:reference singleton="true" url="dubbo://localhost:20880" uniqueServiceName="com.example.service.user.UserService" interface="com.example.service.user.UserService" generic="false" filter="" listener="" id="com.example.service.user.UserService" /> has been built.
2019-01-12 23:01:43 [INFO] [main] o.s.s.c.ThreadPoolTaskExecutor - Initializing ExecutorService 'applicationTaskExecutor'
2019-01-12 23:01:44 [INFO] [main] o.s.b.a.e.web.EndpointLinksResolver - Exposing 2 endpoint(s) beneath base path '/actuator'
2019-01-12 23:01:44 [INFO] [main] o.a.coyote.http11.Http11NioProtocol - Starting ProtocolHandler ["http-nio-8090"]
2019-01-12 23:01:44 [INFO] [main] o.a.tomcat.util.net.NioSelectorPool - Using a shared selector for servlet write/read
2019-01-12 23:01:44 [INFO] [main] o.s.b.w.e.tomcat.TomcatWebServer - Tomcat started on port(s): 8090 (http) with context path ''
2019-01-12 23:01:44 [INFO] [main] com.example.web.WebApplication - Started WebApplication in 53.988 seconds (JVM running for 55.858)
2019-01-12 23:01:44 [INFO] [RMI TCP Connection(6)-127.0.0.1] o.a.c.c.C.[Tomcat].[localhost].[/] - Initializing Spring DispatcherServlet 'dispatcherServlet'
2019-01-12 23:01:44 [INFO] [RMI TCP Connection(6)-127.0.0.1] o.s.web.servlet.DispatcherServlet - Initializing Servlet 'dispatcherServlet'
2019-01-12 23:01:44 [INFO] [RMI TCP Connection(6)-127.0.0.1] o.s.web.servlet.DispatcherServlet - Completed initialization in 28 ms
2019-01-12 23:01:51 [INFO] [Thread-23] o.s.s.c.ThreadPoolTaskExecutor - Shutting down ExecutorService 'applicationTaskExecutor'
2019-01-12 23:01:51 [INFO] [Thread-23] c.a.d.c.s.b.f.a.ReferenceAnnotationBeanPostProcessor - <dubbo:reference singleton="true" url="dubbo://localhost:20880" uniqueServiceName="com.example.service.user.UserService" interface="com.example.service.user.UserService" generic="false" filter="" listener="" id="com.example.service.user.UserService" /> was destroying!
2019-01-12 23:01:51 [INFO] [Thread-23] c.a.d.c.s.b.f.a.ReferenceAnnotationBeanPostProcessor - class com.alibaba.dubbo.config.spring.beans.factory.annotation.ReferenceAnnotationBeanPostProcessor was destroying!
2019-01-12 23:01:59 [INFO] [main] com.example.web.WebApplication - Starting WebApplication on DESKTOP-7LHVITG with PID 15664 (D:\spring-boot\learning\web\target\classes started by Jing in D:\spring-boot\learning)
2019-01-12 23:01:59 [INFO] [main] com.example.web.WebApplication - No active profile set, falling back to default profiles: default
2019-01-12 23:02:00 [INFO] [main] c.a.d.c.s.c.a.DubboConfigBindingRegistrar - The dubbo config bean definition [name : com.alibaba.dubbo.config.ApplicationConfig#0, class : com.alibaba.dubbo.config.ApplicationConfig] has been registered.
2019-01-12 23:02:00 [INFO] [main] c.a.d.c.s.c.a.DubboConfigBindingRegistrar - The BeanPostProcessor bean definition [com.alibaba.dubbo.config.spring.beans.factory.annotation.DubboConfigBindingBeanPostProcessor] for dubbo config bean [name : com.alibaba.dubbo.config.ApplicationConfig#0] has been registered.
2019-01-12 23:02:00 [INFO] [main] c.a.d.c.s.c.a.DubboConfigBindingRegistrar - The dubbo config bean definition [name : com.alibaba.dubbo.config.RegistryConfig#0, class : com.alibaba.dubbo.config.RegistryConfig] has been registered.
2019-01-12 23:02:00 [INFO] [main] c.a.d.c.s.c.a.DubboConfigBindingRegistrar - The BeanPostProcessor bean definition [com.alibaba.dubbo.config.spring.beans.factory.annotation.DubboConfigBindingBeanPostProcessor] for dubbo config bean [name : com.alibaba.dubbo.config.RegistryConfig#0] has been registered.
2019-01-12 23:02:01 [INFO] [main] o.s.b.w.e.tomcat.TomcatWebServer - Tomcat initialized with port(s): 8090 (http)
2019-01-12 23:02:01 [INFO] [main] o.a.coyote.http11.Http11NioProtocol - Initializing ProtocolHandler ["http-nio-8090"]
2019-01-12 23:02:01 [INFO] [main] o.a.catalina.core.StandardService - Starting service [Tomcat]
2019-01-12 23:02:01 [INFO] [main] o.a.catalina.core.StandardEngine - Starting Servlet Engine: Apache Tomcat/9.0.13
2019-01-12 23:02:01 [INFO] [main] o.a.c.core.AprLifecycleListener - The APR based Apache Tomcat Native library which allows optimal performance in production environments was not found on the java.library.path: [C:\Program Files\Java\jdk1.8.0_172\bin;C:\WINDOWS\Sun\Java\bin;C:\WINDOWS\system32;C:\WINDOWS;C:\Program Files (x86)\Common Files\Oracle\Java\javapath;C:\Program Files (x86)\Intel\iCLS Client\;C:\Program Files\Intel\iCLS Client\;C:\Windows\system32;C:\Windows;C:\Windows\System32\Wbem;C:\Windows\System32\WindowsPowerShell\v1.0\;C:\Program Files (x86)\NVIDIA Corporation\PhysX\Common;D:\Program Files\Git\cmd;C:\Program Files\Java\jdk1.8.0_172\bin;C:\Program Files\Java\jdk1.8.0_172\jre\bin;D:\MyPrograms\apache-maven-3.5.0\bin;C:\WINDOWS\system32;C:\WINDOWS;C:\WINDOWS\System32\Wbem;C:\WINDOWS\System32\WindowsPowerShell\v1.0\;C:\Program Files (x86)\Intel\Intel(R) Management Engine Components\DAL;C:\Program Files\Intel\Intel(R) Management Engine Components\DAL;C:\Program Files (x86)\Intel\Intel(R) Management Engine Components\IPT;C:\Program Files\Intel\Intel(R) Management Engine Components\IPT;D:\Program Files\nodejs\;C:\WINDOWS\System32\OpenSSH\;C:\Program Files\Intel\WiFi\bin\;C:\Program Files\Common Files\Intel\WirelessCommon\;D:\MyPrograms\mysql-8.0.13-winx64\bin;C:\Users\Jing\AppData\Local\Microsoft\WindowsApps;C:\Users\Jing\AppData\Roaming\npm;;.]
2019-01-12 23:02:01 [INFO] [main] o.a.c.c.C.[Tomcat].[localhost].[/] - Initializing Spring embedded WebApplicationContext
2019-01-12 23:02:01 [INFO] [main] o.s.web.context.ContextLoader - Root WebApplicationContext: initialization completed in 1835 ms
2019-01-12 23:02:03 [INFO] [main] c.a.d.c.s.b.f.a.DubboConfigBindingBeanPostProcessor - The properties of bean [name : com.alibaba.dubbo.config.ApplicationConfig#0] have been binding by values : [bean property 'name']
2019-01-12 23:02:03 [INFO] [main] c.a.d.c.s.b.f.a.DubboConfigBindingBeanPostProcessor - The properties of bean [name : com.alibaba.dubbo.config.RegistryConfig#0] have been binding by values : [bean property 'address']
2019-01-12 23:02:04 [INFO] [main] c.a.d.c.s.b.f.a.ReferenceBeanBuilder - <dubbo:reference singleton="true" url="dubbo://localhost:20880" uniqueServiceName="com.example.service.user.UserService" interface="com.example.service.user.UserService" generic="false" filter="" listener="" id="com.example.service.user.UserService" /> has been built.
2019-01-12 23:02:05 [INFO] [main] o.s.s.c.ThreadPoolTaskExecutor - Initializing ExecutorService 'applicationTaskExecutor'
2019-01-12 23:03:09 [INFO] [main] com.example.web.WebApplication - Starting WebApplication on DESKTOP-7LHVITG with PID 13424 (D:\spring-boot\learning\web\target\classes started by Jing in D:\spring-boot\learning)
2019-01-12 23:03:09 [INFO] [main] com.example.web.WebApplication - No active profile set, falling back to default profiles: default
2019-01-12 23:03:10 [INFO] [main] c.a.d.c.s.c.a.DubboConfigBindingRegistrar - The dubbo config bean definition [name : com.alibaba.dubbo.config.ApplicationConfig#0, class : com.alibaba.dubbo.config.ApplicationConfig] has been registered.
2019-01-12 23:03:10 [INFO] [main] c.a.d.c.s.c.a.DubboConfigBindingRegistrar - The BeanPostProcessor bean definition [com.alibaba.dubbo.config.spring.beans.factory.annotation.DubboConfigBindingBeanPostProcessor] for dubbo config bean [name : com.alibaba.dubbo.config.ApplicationConfig#0] has been registered.
2019-01-12 23:03:10 [INFO] [main] c.a.d.c.s.c.a.DubboConfigBindingRegistrar - The dubbo config bean definition [name : com.alibaba.dubbo.config.RegistryConfig#0, class : com.alibaba.dubbo.config.RegistryConfig] has been registered.
2019-01-12 23:03:10 [INFO] [main] c.a.d.c.s.c.a.DubboConfigBindingRegistrar - The BeanPostProcessor bean definition [com.alibaba.dubbo.config.spring.beans.factory.annotation.DubboConfigBindingBeanPostProcessor] for dubbo config bean [name : com.alibaba.dubbo.config.RegistryConfig#0] has been registered.
2019-01-12 23:03:11 [INFO] [main] o.s.b.w.e.tomcat.TomcatWebServer - Tomcat initialized with port(s): 8090 (http)
2019-01-12 23:03:11 [INFO] [main] o.a.coyote.http11.Http11NioProtocol - Initializing ProtocolHandler ["http-nio-8090"]
2019-01-12 23:03:11 [INFO] [main] o.a.catalina.core.StandardService - Starting service [Tomcat]
2019-01-12 23:03:11 [INFO] [main] o.a.catalina.core.StandardEngine - Starting Servlet Engine: Apache Tomcat/9.0.13
2019-01-12 23:03:11 [INFO] [main] o.a.c.core.AprLifecycleListener - The APR based Apache Tomcat Native library which allows optimal performance in production environments was not found on the java.library.path: [C:\Program Files\Java\jdk1.8.0_172\bin;C:\WINDOWS\Sun\Java\bin;C:\WINDOWS\system32;C:\WINDOWS;C:\Program Files (x86)\Common Files\Oracle\Java\javapath;C:\Program Files (x86)\Intel\iCLS Client\;C:\Program Files\Intel\iCLS Client\;C:\Windows\system32;C:\Windows;C:\Windows\System32\Wbem;C:\Windows\System32\WindowsPowerShell\v1.0\;C:\Program Files (x86)\NVIDIA Corporation\PhysX\Common;D:\Program Files\Git\cmd;C:\Program Files\Java\jdk1.8.0_172\bin;C:\Program Files\Java\jdk1.8.0_172\jre\bin;D:\MyPrograms\apache-maven-3.5.0\bin;C:\WINDOWS\system32;C:\WINDOWS;C:\WINDOWS\System32\Wbem;C:\WINDOWS\System32\WindowsPowerShell\v1.0\;C:\Program Files (x86)\Intel\Intel(R) Management Engine Components\DAL;C:\Program Files\Intel\Intel(R) Management Engine Components\DAL;C:\Program Files (x86)\Intel\Intel(R) Management Engine Components\IPT;C:\Program Files\Intel\Intel(R) Management Engine Components\IPT;D:\Program Files\nodejs\;C:\WINDOWS\System32\OpenSSH\;C:\Program Files\Intel\WiFi\bin\;C:\Program Files\Common Files\Intel\WirelessCommon\;D:\MyPrograms\mysql-8.0.13-winx64\bin;C:\Users\Jing\AppData\Local\Microsoft\WindowsApps;C:\Users\Jing\AppData\Roaming\npm;;.]
2019-01-12 23:03:11 [INFO] [main] o.a.c.c.C.[Tomcat].[localhost].[/] - Initializing Spring embedded WebApplicationContext
2019-01-12 23:03:11 [INFO] [main] o.s.web.context.ContextLoader - Root WebApplicationContext: initialization completed in 1673 ms
2019-01-12 23:03:13 [INFO] [main] c.a.d.c.s.b.f.a.DubboConfigBindingBeanPostProcessor - The properties of bean [name : com.alibaba.dubbo.config.ApplicationConfig#0] have been binding by values : [bean property 'name']
2019-01-12 23:03:13 [INFO] [main] c.a.d.c.s.b.f.a.DubboConfigBindingBeanPostProcessor - The properties of bean [name : com.alibaba.dubbo.config.RegistryConfig#0] have been binding by values : [bean property 'address']
2019-01-12 23:03:14 [INFO] [main] c.a.d.c.s.b.f.a.ReferenceBeanBuilder - <dubbo:reference singleton="true" url="dubbo://localhost:20880" interface="com.example.service.user.UserService" uniqueServiceName="com.example.service.user.UserService" generic="false" filter="" listener="" id="com.example.service.user.UserService" /> has been built.
2019-01-12 23:03:14 [INFO] [main] o.s.s.c.ThreadPoolTaskExecutor - Initializing ExecutorService 'applicationTaskExecutor'
2019-01-12 23:03:15 [INFO] [main] o.s.b.a.e.web.EndpointLinksResolver - Exposing 2 endpoint(s) beneath base path '/actuator'
2019-01-12 23:03:15 [INFO] [main] o.a.coyote.http11.Http11NioProtocol - Starting ProtocolHandler ["http-nio-8090"]
2019-01-12 23:03:15 [INFO] [main] o.a.tomcat.util.net.NioSelectorPool - Using a shared selector for servlet write/read
2019-01-12 23:03:15 [INFO] [main] o.s.b.w.e.tomcat.TomcatWebServer - Tomcat started on port(s): 8090 (http) with context path ''
2019-01-12 23:03:15 [INFO] [main] com.example.web.WebApplication - Started WebApplication in 62.359 seconds (JVM running for 64.551)
2019-01-12 23:03:16 [INFO] [RMI TCP Connection(8)-127.0.0.1] o.a.c.c.C.[Tomcat].[localhost].[/] - Initializing Spring DispatcherServlet 'dispatcherServlet'
2019-01-12 23:03:16 [INFO] [RMI TCP Connection(8)-127.0.0.1] o.s.web.servlet.DispatcherServlet - Initializing Servlet 'dispatcherServlet'
2019-01-12 23:03:16 [INFO] [RMI TCP Connection(8)-127.0.0.1] o.s.web.servlet.DispatcherServlet - Completed initialization in 33 ms
2019-01-12 23:05:26 [INFO] [Thread-21] o.s.s.c.ThreadPoolTaskExecutor - Shutting down ExecutorService 'applicationTaskExecutor'
2019-01-12 23:05:26 [INFO] [Thread-21] c.a.d.c.s.b.f.a.ReferenceAnnotationBeanPostProcessor - <dubbo:reference singleton="true" url="dubbo://localhost:20880" interface="com.example.service.user.UserService" uniqueServiceName="com.example.service.user.UserService" generic="false" filter="" listener="" id="com.example.service.user.UserService" /> was destroying!
2019-01-12 23:05:26 [INFO] [Thread-21] c.a.d.c.s.b.f.a.ReferenceAnnotationBeanPostProcessor - class com.alibaba.dubbo.config.spring.beans.factory.annotation.ReferenceAnnotationBeanPostProcessor was destroying!
2019-01-12 23:06:54 [INFO] [main] com.example.web.WebApplication - Starting WebApplication on DESKTOP-7LHVITG with PID 9432 (D:\spring-boot\learning\web\target\classes started by Jing in D:\spring-boot\learning)
2019-01-12 23:06:54 [INFO] [main] com.example.web.WebApplication - No active profile set, falling back to default profiles: default
2019-01-12 23:06:55 [INFO] [main] c.a.d.c.s.c.a.DubboConfigBindingRegistrar - The dubbo config bean definition [name : com.alibaba.dubbo.config.ApplicationConfig#0, class : com.alibaba.dubbo.config.ApplicationConfig] has been registered.
2019-01-12 23:06:55 [INFO] [main] c.a.d.c.s.c.a.DubboConfigBindingRegistrar - The BeanPostProcessor bean definition [com.alibaba.dubbo.config.spring.beans.factory.annotation.DubboConfigBindingBeanPostProcessor] for dubbo config bean [name : com.alibaba.dubbo.config.ApplicationConfig#0] has been registered.
2019-01-12 23:06:55 [INFO] [main] c.a.d.c.s.c.a.DubboConfigBindingRegistrar - The dubbo config bean definition [name : com.alibaba.dubbo.config.RegistryConfig#0, class : com.alibaba.dubbo.config.RegistryConfig] has been registered.
2019-01-12 23:06:55 [INFO] [main] c.a.d.c.s.c.a.DubboConfigBindingRegistrar - The BeanPostProcessor bean definition [com.alibaba.dubbo.config.spring.beans.factory.annotation.DubboConfigBindingBeanPostProcessor] for dubbo config bean [name : com.alibaba.dubbo.config.RegistryConfig#0] has been registered.
2019-01-12 23:06:56 [INFO] [main] o.s.b.w.e.tomcat.TomcatWebServer - Tomcat initialized with port(s): 8090 (http)
2019-01-12 23:06:56 [INFO] [main] o.a.coyote.http11.Http11NioProtocol - Initializing ProtocolHandler ["http-nio-8090"]
2019-01-12 23:06:56 [INFO] [main] o.a.catalina.core.StandardService - Starting service [Tomcat]
2019-01-12 23:06:56 [INFO] [main] o.a.catalina.core.StandardEngine - Starting Servlet Engine: Apache Tomcat/9.0.13
2019-01-12 23:06:56 [INFO] [main] o.a.c.core.AprLifecycleListener - The APR based Apache Tomcat Native library which allows optimal performance in production environments was not found on the java.library.path: [C:\Program Files\Java\jdk1.8.0_172\bin;C:\WINDOWS\Sun\Java\bin;C:\WINDOWS\system32;C:\WINDOWS;C:\Program Files (x86)\Common Files\Oracle\Java\javapath;C:\Program Files (x86)\Intel\iCLS Client\;C:\Program Files\Intel\iCLS Client\;C:\Windows\system32;C:\Windows;C:\Windows\System32\Wbem;C:\Windows\System32\WindowsPowerShell\v1.0\;C:\Program Files (x86)\NVIDIA Corporation\PhysX\Common;D:\Program Files\Git\cmd;C:\Program Files\Java\jdk1.8.0_172\bin;C:\Program Files\Java\jdk1.8.0_172\jre\bin;D:\MyPrograms\apache-maven-3.5.0\bin;C:\WINDOWS\system32;C:\WINDOWS;C:\WINDOWS\System32\Wbem;C:\WINDOWS\System32\WindowsPowerShell\v1.0\;C:\Program Files (x86)\Intel\Intel(R) Management Engine Components\DAL;C:\Program Files\Intel\Intel(R) Management Engine Components\DAL;C:\Program Files (x86)\Intel\Intel(R) Management Engine Components\IPT;C:\Program Files\Intel\Intel(R) Management Engine Components\IPT;D:\Program Files\nodejs\;C:\WINDOWS\System32\OpenSSH\;C:\Program Files\Intel\WiFi\bin\;C:\Program Files\Common Files\Intel\WirelessCommon\;D:\MyPrograms\mysql-8.0.13-winx64\bin;C:\Users\Jing\AppData\Local\Microsoft\WindowsApps;C:\Users\Jing\AppData\Roaming\npm;;.]
2019-01-12 23:06:56 [INFO] [main] o.a.c.c.C.[Tomcat].[localhost].[/] - Initializing Spring embedded WebApplicationContext
2019-01-12 23:06:56 [INFO] [main] o.s.web.context.ContextLoader - Root WebApplicationContext: initialization completed in 1688 ms
2019-01-12 23:06:57 [INFO] [main] c.a.d.c.s.b.f.a.DubboConfigBindingBeanPostProcessor - The properties of bean [name : com.alibaba.dubbo.config.ApplicationConfig#0] have been binding by values : [bean property 'name']
2019-01-12 23:06:57 [INFO] [main] c.a.d.c.s.b.f.a.DubboConfigBindingBeanPostProcessor - The properties of bean [name : com.alibaba.dubbo.config.RegistryConfig#0] have been binding by values : [bean property 'address']
2019-01-12 23:06:58 [INFO] [main] c.a.d.c.s.b.f.a.ReferenceBeanBuilder - <dubbo:reference singleton="true" url="dubbo://localhost:20880" uniqueServiceName="com.example.service.user.UserService" interface="com.example.service.user.UserService" generic="false" filter="" listener="" id="com.example.service.user.UserService" /> has been built.
2019-01-12 23:06:59 [INFO] [main] o.s.s.c.ThreadPoolTaskExecutor - Initializing ExecutorService 'applicationTaskExecutor'
2019-01-12 23:06:59 [INFO] [main] o.s.b.a.e.web.EndpointLinksResolver - Exposing 2 endpoint(s) beneath base path '/actuator'
2019-01-12 23:06:59 [INFO] [main] o.a.coyote.http11.Http11NioProtocol - Starting ProtocolHandler ["http-nio-8090"]
2019-01-12 23:06:59 [INFO] [main] o.a.tomcat.util.net.NioSelectorPool - Using a shared selector for servlet write/read
2019-01-12 23:06:59 [INFO] [main] o.s.b.w.e.tomcat.TomcatWebServer - Tomcat started on port(s): 8090 (http) with context path ''
2019-01-12 23:06:59 [INFO] [main] com.example.web.WebApplication - Started WebApplication in 84.332 seconds (JVM running for 86.282)
2019-01-12 23:07:00 [INFO] [RMI TCP Connection(3)-127.0.0.1] o.a.c.c.C.[Tomcat].[localhost].[/] - Initializing Spring DispatcherServlet 'dispatcherServlet'
2019-01-12 23:07:00 [INFO] [RMI TCP Connection(3)-127.0.0.1] o.s.web.servlet.DispatcherServlet - Initializing Servlet 'dispatcherServlet'
2019-01-12 23:07:00 [INFO] [RMI TCP Connection(3)-127.0.0.1] o.s.web.servlet.DispatcherServlet - Completed initialization in 21 ms
2019-01-12 23:08:16 [INFO] [Thread-29] o.s.s.c.ThreadPoolTaskExecutor - Shutting down ExecutorService 'applicationTaskExecutor'
2019-01-12 23:08:16 [INFO] [Thread-29] c.a.d.c.s.b.f.a.ReferenceAnnotationBeanPostProcessor - <dubbo:reference singleton="true" url="dubbo://localhost:20880" uniqueServiceName="com.example.service.user.UserService" interface="com.example.service.user.UserService" generic="false" filter="" listener="" id="com.example.service.user.UserService" /> was destroying!
2019-01-12 23:08:16 [INFO] [Thread-29] c.a.d.c.s.b.f.a.ReferenceAnnotationBeanPostProcessor - class com.alibaba.dubbo.config.spring.beans.factory.annotation.ReferenceAnnotationBeanPostProcessor was destroying!
2019-01-12 23:11:45 [INFO] [main] com.example.web.WebApplication - Starting WebApplication on DESKTOP-7LHVITG with PID 13100 (D:\spring-boot\learning\web\target\classes started by Jing in D:\spring-boot\learning)
2019-01-12 23:11:45 [INFO] [main] com.example.web.WebApplication - No active profile set, falling back to default profiles: default
2019-01-12 23:11:46 [INFO] [main] c.a.d.c.s.c.a.DubboConfigBindingRegistrar - The dubbo config bean definition [name : com.alibaba.dubbo.config.ApplicationConfig#0, class : com.alibaba.dubbo.config.ApplicationConfig] has been registered.
2019-01-12 23:11:46 [INFO] [main] c.a.d.c.s.c.a.DubboConfigBindingRegistrar - The BeanPostProcessor bean definition [com.alibaba.dubbo.config.spring.beans.factory.annotation.DubboConfigBindingBeanPostProcessor] for dubbo config bean [name : com.alibaba.dubbo.config.ApplicationConfig#0] has been registered.
2019-01-12 23:11:46 [INFO] [main] c.a.d.c.s.c.a.DubboConfigBindingRegistrar - The dubbo config bean definition [name : com.alibaba.dubbo.config.RegistryConfig#0, class : com.alibaba.dubbo.config.RegistryConfig] has been registered.
2019-01-12 23:11:46 [INFO] [main] c.a.d.c.s.c.a.DubboConfigBindingRegistrar - The BeanPostProcessor bean definition [com.alibaba.dubbo.config.spring.beans.factory.annotation.DubboConfigBindingBeanPostProcessor] for dubbo config bean [name : com.alibaba.dubbo.config.RegistryConfig#0] has been registered.
2019-01-12 23:11:47 [INFO] [main] o.s.b.w.e.tomcat.TomcatWebServer - Tomcat initialized with port(s): 8090 (http)
2019-01-12 23:11:47 [INFO] [main] o.a.coyote.http11.Http11NioProtocol - Initializing ProtocolHandler ["http-nio-8090"]
2019-01-12 23:11:47 [INFO] [main] o.a.catalina.core.StandardService - Starting service [Tomcat]
2019-01-12 23:11:47 [INFO] [main] o.a.catalina.core.StandardEngine - Starting Servlet Engine: Apache Tomcat/9.0.13
2019-01-12 23:11:47 [INFO] [main] o.a.c.core.AprLifecycleListener - The APR based Apache Tomcat Native library which allows optimal performance in production environments was not found on the java.library.path: [C:\Program Files\Java\jdk1.8.0_172\bin;C:\WINDOWS\Sun\Java\bin;C:\WINDOWS\system32;C:\WINDOWS;C:\Program Files (x86)\Common Files\Oracle\Java\javapath;C:\Program Files (x86)\Intel\iCLS Client\;C:\Program Files\Intel\iCLS Client\;C:\Windows\system32;C:\Windows;C:\Windows\System32\Wbem;C:\Windows\System32\WindowsPowerShell\v1.0\;C:\Program Files (x86)\NVIDIA Corporation\PhysX\Common;D:\Program Files\Git\cmd;C:\Program Files\Java\jdk1.8.0_172\bin;C:\Program Files\Java\jdk1.8.0_172\jre\bin;D:\MyPrograms\apache-maven-3.5.0\bin;C:\WINDOWS\system32;C:\WINDOWS;C:\WINDOWS\System32\Wbem;C:\WINDOWS\System32\WindowsPowerShell\v1.0\;C:\Program Files (x86)\Intel\Intel(R) Management Engine Components\DAL;C:\Program Files\Intel\Intel(R) Management Engine Components\DAL;C:\Program Files (x86)\Intel\Intel(R) Management Engine Components\IPT;C:\Program Files\Intel\Intel(R) Management Engine Components\IPT;D:\Program Files\nodejs\;C:\WINDOWS\System32\OpenSSH\;C:\Program Files\Intel\WiFi\bin\;C:\Program Files\Common Files\Intel\WirelessCommon\;D:\MyPrograms\mysql-8.0.13-winx64\bin;C:\Users\Jing\AppData\Local\Microsoft\WindowsApps;C:\Users\Jing\AppData\Roaming\npm;;.]
2019-01-12 23:11:47 [INFO] [main] o.a.c.c.C.[Tomcat].[localhost].[/] - Initializing Spring embedded WebApplicationContext
2019-01-12 23:11:47 [INFO] [main] o.s.web.context.ContextLoader - Root WebApplicationContext: initialization completed in 1827 ms
2019-01-12 23:13:46 [INFO] [main] com.example.web.WebApplication - Starting WebApplication on DESKTOP-7LHVITG with PID 17424 (D:\spring-boot\learning\web\target\classes started by Jing in D:\spring-boot\learning)
2019-01-12 23:13:46 [INFO] [main] com.example.web.WebApplication - No active profile set, falling back to default profiles: default
2019-01-12 23:13:47 [INFO] [main] c.a.d.c.s.c.a.DubboConfigBindingRegistrar - The dubbo config bean definition [name : com.alibaba.dubbo.config.ApplicationConfig#0, class : com.alibaba.dubbo.config.ApplicationConfig] has been registered.
2019-01-12 23:13:47 [INFO] [main] c.a.d.c.s.c.a.DubboConfigBindingRegistrar - The BeanPostProcessor bean definition [com.alibaba.dubbo.config.spring.beans.factory.annotation.DubboConfigBindingBeanPostProcessor] for dubbo config bean [name : com.alibaba.dubbo.config.ApplicationConfig#0] has been registered.
2019-01-12 23:13:47 [INFO] [main] c.a.d.c.s.c.a.DubboConfigBindingRegistrar - The dubbo config bean definition [name : com.alibaba.dubbo.config.RegistryConfig#0, class : com.alibaba.dubbo.config.RegistryConfig] has been registered.
2019-01-12 23:13:47 [INFO] [main] c.a.d.c.s.c.a.DubboConfigBindingRegistrar - The BeanPostProcessor bean definition [com.alibaba.dubbo.config.spring.beans.factory.annotation.DubboConfigBindingBeanPostProcessor] for dubbo config bean [name : com.alibaba.dubbo.config.RegistryConfig#0] has been registered.
2019-01-12 23:13:48 [INFO] [main] o.s.b.w.e.tomcat.TomcatWebServer - Tomcat initialized with port(s): 8090 (http)
2019-01-12 23:13:48 [INFO] [main] o.a.coyote.http11.Http11NioProtocol - Initializing ProtocolHandler ["http-nio-8090"]
2019-01-12 23:13:48 [INFO] [main] o.a.catalina.core.StandardService - Starting service [Tomcat]
2019-01-12 23:13:48 [INFO] [main] o.a.catalina.core.StandardEngine - Starting Servlet Engine: Apache Tomcat/9.0.13
2019-01-12 23:13:48 [INFO] [main] o.a.c.core.AprLifecycleListener - The APR based Apache Tomcat Native library which allows optimal performance in production environments was not found on the java.library.path: [C:\Program Files\Java\jdk1.8.0_172\bin;C:\WINDOWS\Sun\Java\bin;C:\WINDOWS\system32;C:\WINDOWS;C:\Program Files (x86)\Common Files\Oracle\Java\javapath;C:\Program Files (x86)\Intel\iCLS Client\;C:\Program Files\Intel\iCLS Client\;C:\Windows\system32;C:\Windows;C:\Windows\System32\Wbem;C:\Windows\System32\WindowsPowerShell\v1.0\;C:\Program Files (x86)\NVIDIA Corporation\PhysX\Common;D:\Program Files\Git\cmd;C:\Program Files\Java\jdk1.8.0_172\bin;C:\Program Files\Java\jdk1.8.0_172\jre\bin;D:\MyPrograms\apache-maven-3.5.0\bin;C:\WINDOWS\system32;C:\WINDOWS;C:\WINDOWS\System32\Wbem;C:\WINDOWS\System32\WindowsPowerShell\v1.0\;C:\Program Files (x86)\Intel\Intel(R) Management Engine Components\DAL;C:\Program Files\Intel\Intel(R) Management Engine Components\DAL;C:\Program Files (x86)\Intel\Intel(R) Management Engine Components\IPT;C:\Program Files\Intel\Intel(R) Management Engine Components\IPT;D:\Program Files\nodejs\;C:\WINDOWS\System32\OpenSSH\;C:\Program Files\Intel\WiFi\bin\;C:\Program Files\Common Files\Intel\WirelessCommon\;D:\MyPrograms\mysql-8.0.13-winx64\bin;C:\Users\Jing\AppData\Local\Microsoft\WindowsApps;C:\Users\Jing\AppData\Roaming\npm;;.]
2019-01-12 23:13:48 [INFO] [main] o.a.c.c.C.[Tomcat].[localhost].[/] - Initializing Spring embedded WebApplicationContext
2019-01-12 23:13:48 [INFO] [main] o.s.web.context.ContextLoader - Root WebApplicationContext: initialization completed in 1654 ms
2019-01-12 23:13:50 [INFO] [main] c.a.d.c.s.b.f.a.DubboConfigBindingBeanPostProcessor - The properties of bean [name : com.alibaba.dubbo.config.ApplicationConfig#0] have been binding by values : [bean property 'name']
2019-01-12 23:13:50 [INFO] [main] c.a.d.c.s.b.f.a.DubboConfigBindingBeanPostProcessor - The properties of bean [name : com.alibaba.dubbo.config.RegistryConfig#0] have been binding by values : [bean property 'address']
2019-01-12 23:13:51 [INFO] [main] c.a.d.c.s.b.f.a.ReferenceBeanBuilder - <dubbo:reference singleton="true" url="dubbo://localhost:20880" uniqueServiceName="com.example.service.user.UserService" interface="com.example.service.user.UserService" generic="false" filter="" listener="" id="com.example.service.user.UserService" /> has been built.
2019-01-12 23:13:51 [INFO] [main] o.s.s.c.ThreadPoolTaskExecutor - Initializing ExecutorService 'applicationTaskExecutor'
2019-01-12 23:13:52 [INFO] [main] o.s.b.a.e.web.EndpointLinksResolver - Exposing 2 endpoint(s) beneath base path '/actuator'
2019-01-12 23:13:52 [INFO] [main] o.a.coyote.http11.Http11NioProtocol - Starting ProtocolHandler ["http-nio-8090"]
2019-01-12 23:13:52 [INFO] [main] o.a.tomcat.util.net.NioSelectorPool - Using a shared selector for servlet write/read
2019-01-12 23:13:52 [INFO] [main] o.s.b.w.e.tomcat.TomcatWebServer - Tomcat started on port(s): 8090 (http) with context path ''
2019-01-12 23:13:52 [INFO] [main] com.example.web.WebApplication - Started WebApplication in 98.315 seconds (JVM running for 100.118)
2019-01-12 23:13:53 [INFO] [RMI TCP Connection(7)-127.0.0.1] o.a.c.c.C.[Tomcat].[localhost].[/] - Initializing Spring DispatcherServlet 'dispatcherServlet'
2019-01-12 23:13:53 [INFO] [RMI TCP Connection(7)-127.0.0.1] o.s.web.servlet.DispatcherServlet - Initializing Servlet 'dispatcherServlet'
2019-01-12 23:13:53 [INFO] [RMI TCP Connection(7)-127.0.0.1] o.s.web.servlet.DispatcherServlet - Completed initialization in 47 ms
2019-01-12 23:14:50 [INFO] [Thread-27] o.s.s.c.ThreadPoolTaskExecutor - Shutting down ExecutorService 'applicationTaskExecutor'
2019-01-12 23:14:50 [INFO] [Thread-27] c.a.d.c.s.b.f.a.ReferenceAnnotationBeanPostProcessor - <dubbo:reference singleton="true" url="dubbo://localhost:20880" uniqueServiceName="com.example.service.user.UserService" interface="com.example.service.user.UserService" generic="false" filter="" listener="" id="com.example.service.user.UserService" /> was destroying!
2019-01-12 23:14:50 [INFO] [Thread-27] c.a.d.c.s.b.f.a.ReferenceAnnotationBeanPostProcessor - class com.alibaba.dubbo.config.spring.beans.factory.annotation.ReferenceAnnotationBeanPostProcessor was destroying!
2019-01-12 23:22:11 [INFO] [main] com.example.web.WebApplication - Starting WebApplication on DESKTOP-7LHVITG with PID 16068 (D:\spring-boot\learning\web\target\classes started by Jing in D:\spring-boot\learning)
2019-01-12 23:22:11 [INFO] [main] com.example.web.WebApplication - No active profile set, falling back to default profiles: default
2019-01-12 23:22:13 [INFO] [main] c.a.d.c.s.c.a.DubboConfigBindingRegistrar - The dubbo config bean definition [name : com.alibaba.dubbo.config.ApplicationConfig#0, class : com.alibaba.dubbo.config.ApplicationConfig] has been registered.
2019-01-12 23:22:13 [INFO] [main] c.a.d.c.s.c.a.DubboConfigBindingRegistrar - The BeanPostProcessor bean definition [com.alibaba.dubbo.config.spring.beans.factory.annotation.DubboConfigBindingBeanPostProcessor] for dubbo config bean [name : com.alibaba.dubbo.config.ApplicationConfig#0] has been registered.
2019-01-12 23:22:13 [INFO] [main] c.a.d.c.s.c.a.DubboConfigBindingRegistrar - The dubbo config bean definition [name : com.alibaba.dubbo.config.RegistryConfig#0, class : com.alibaba.dubbo.config.RegistryConfig] has been registered.
2019-01-12 23:22:13 [INFO] [main] c.a.d.c.s.c.a.DubboConfigBindingRegistrar - The BeanPostProcessor bean definition [com.alibaba.dubbo.config.spring.beans.factory.annotation.DubboConfigBindingBeanPostProcessor] for dubbo config bean [name : com.alibaba.dubbo.config.RegistryConfig#0] has been registered.
2019-01-12 23:22:14 [INFO] [main] o.s.b.w.e.tomcat.TomcatWebServer - Tomcat initialized with port(s): 8090 (http)
2019-01-12 23:22:14 [INFO] [main] o.a.coyote.http11.Http11NioProtocol - Initializing ProtocolHandler ["http-nio-8090"]
2019-01-12 23:22:14 [INFO] [main] o.a.catalina.core.StandardService - Starting service [Tomcat]
2019-01-12 23:22:14 [INFO] [main] o.a.catalina.core.StandardEngine - Starting Servlet Engine: Apache Tomcat/9.0.13
2019-01-12 23:22:14 [INFO] [main] o.a.c.core.AprLifecycleListener - The APR based Apache Tomcat Native library which allows optimal performance in production environments was not found on the java.library.path: [C:\Program Files\Java\jdk1.8.0_172\bin;C:\WINDOWS\Sun\Java\bin;C:\WINDOWS\system32;C:\WINDOWS;C:\Program Files (x86)\Common Files\Oracle\Java\javapath;C:\Program Files (x86)\Intel\iCLS Client\;C:\Program Files\Intel\iCLS Client\;C:\Windows\system32;C:\Windows;C:\Windows\System32\Wbem;C:\Windows\System32\WindowsPowerShell\v1.0\;C:\Program Files (x86)\NVIDIA Corporation\PhysX\Common;D:\Program Files\Git\cmd;C:\Program Files\Java\jdk1.8.0_172\bin;C:\Program Files\Java\jdk1.8.0_172\jre\bin;D:\MyPrograms\apache-maven-3.5.0\bin;C:\WINDOWS\system32;C:\WINDOWS;C:\WINDOWS\System32\Wbem;C:\WINDOWS\System32\WindowsPowerShell\v1.0\;C:\Program Files (x86)\Intel\Intel(R) Management Engine Components\DAL;C:\Program Files\Intel\Intel(R) Management Engine Components\DAL;C:\Program Files (x86)\Intel\Intel(R) Management Engine Components\IPT;C:\Program Files\Intel\Intel(R) Management Engine Components\IPT;D:\Program Files\nodejs\;C:\WINDOWS\System32\OpenSSH\;C:\Program Files\Intel\WiFi\bin\;C:\Program Files\Common Files\Intel\WirelessCommon\;D:\MyPrograms\mysql-8.0.13-winx64\bin;C:\Users\Jing\AppData\Local\Microsoft\WindowsApps;C:\Users\Jing\AppData\Roaming\npm;;.]
2019-01-12 23:22:14 [INFO] [main] o.a.c.c.C.[Tomcat].[localhost].[/] - Initializing Spring embedded WebApplicationContext
2019-01-12 23:22:14 [INFO] [main] o.s.web.context.ContextLoader - Root WebApplicationContext: initialization completed in 2730 ms
2019-01-12 23:22:16 [INFO] [main] c.a.d.c.s.b.f.a.DubboConfigBindingBeanPostProcessor - The properties of bean [name : com.alibaba.dubbo.config.ApplicationConfig#0] have been binding by values : [bean property 'name']
2019-01-12 23:22:16 [INFO] [main] c.a.d.c.s.b.f.a.DubboConfigBindingBeanPostProcessor - The properties of bean [name : com.alibaba.dubbo.config.RegistryConfig#0] have been binding by values : [bean property 'address']
2019-01-12 23:22:16 [INFO] [main] c.a.d.c.s.b.f.a.ReferenceBeanBuilder - <dubbo:reference object="com.alibaba.dubbo.common.bytecode.proxy0@262a1fad" singleton="true" url="dubbo://localhost:20880" uniqueServiceName="com.example.service.user.UserService" interface="com.example.service.user.UserService" generic="false" filter="" listener="" id="com.example.service.user.UserService" /> has been built.
2019-01-12 23:22:17 [INFO] [main] o.s.s.c.ThreadPoolTaskExecutor - Initializing ExecutorService 'applicationTaskExecutor'
2019-01-12 23:22:18 [INFO] [main] o.s.b.a.e.web.EndpointLinksResolver - Exposing 2 endpoint(s) beneath base path '/actuator'
2019-01-12 23:22:18 [INFO] [main] o.a.coyote.http11.Http11NioProtocol - Starting ProtocolHandler ["http-nio-8090"]
2019-01-12 23:22:18 [INFO] [main] o.a.tomcat.util.net.NioSelectorPool - Using a shared selector for servlet write/read
2019-01-12 23:22:18 [INFO] [main] o.s.b.w.e.tomcat.TomcatWebServer - Tomcat started on port(s): 8090 (http) with context path ''
2019-01-12 23:22:18 [INFO] [main] com.example.web.WebApplication - Started WebApplication in 8.256 seconds (JVM running for 12.351)
2019-01-12 23:22:18 [INFO] [RMI TCP Connection(6)-127.0.0.1] o.a.c.c.C.[Tomcat].[localhost].[/] - Initializing Spring DispatcherServlet 'dispatcherServlet'
2019-01-12 23:22:18 [INFO] [RMI TCP Connection(6)-127.0.0.1] o.s.web.servlet.DispatcherServlet - Initializing Servlet 'dispatcherServlet'
2019-01-12 23:22:18 [INFO] [RMI TCP Connection(6)-127.0.0.1] o.s.web.servlet.DispatcherServlet - Completed initialization in 36 ms
2019-01-12 23:22:26 [INFO] [http-nio-8090-exec-1] c.e.controller.user.UserController - /user/queryUserById/4
2019-01-12 23:23:26 [INFO] [http-nio-8090-exec-4] c.e.controller.user.UserController - /user/queryUserById/4
